2024-12-19 05:46:30,134 INFO  org.talend.commons.utils.time.TimeMeasurePerformance  -   Start 'logOnProject', logon project name 'PBI-FinalTask' ...
2024-12-19 05:46:30,606 INFO  org.talend.commons.utils.time.TimeMeasurePerformance  -   -> 'logOnProject', step name 'Install components', elapsed time since previous step: 472 ms
2024-12-19 05:46:30,608 INFO  org.talend.commons.utils.time.TimeMeasurePerformance  -   -> 'logOnProject', step name 'beforeLogon', elapsed time since previous step: 2 ms
2024-12-19 05:46:31,910 INFO  org.talend.commons.utils.time.TimeMeasurePerformance  -   -> 'logOnProject', step name 'Sync components libraries', elapsed time since previous step: 1302 ms
2024-12-19 05:46:31,964 INFO  org.talend.commons.utils.time.TimeMeasurePerformance  -   -> 'logOnProject', step name 'executeMigrations(beforeLogonTasks)', elapsed time since previous step: 54 ms
2024-12-19 05:46:33,376 INFO  org.talend.commons.utils.time.TimeMeasurePerformance  -   -> 'logOnProject', step name 'logOnProject', elapsed time since previous step: 1412 ms
2024-12-19 05:46:33,519 INFO  org.talend.commons.utils.time.TimeMeasurePerformance  -   -> 'logOnProject', step name 'executeMigrations(afterLogonTasks)', elapsed time since previous step: 143 ms
2024-12-19 05:46:33,537 INFO  org.talend.commons.utils.time.TimeMeasurePerformance  -   -> 'logOnProject', step name 'clean Java project', elapsed time since previous step: 18 ms
2024-12-19 05:46:33,544 INFO  org.talend.commons.utils.time.TimeMeasurePerformance  -   -> 'logOnProject', step name 'clean workspace history', elapsed time since previous step: 7 ms
2024-12-19 05:46:33,593 INFO  org.talend.commons.utils.time.TimeMeasurePerformance  -   -> 'logOnProject', step name 'sync log4j', elapsed time since previous step: 49 ms
2024-12-19 05:46:39,971 INFO  org.talend.commons.utils.time.TimeMeasurePerformance  -   End 'logOnProject', elapsed time since last request: 49 ms 
2024-12-19 05:46:39,971 INFO  org.talend.commons.utils.time.TimeMeasurePerformance  -   End 'logOnProject', total elapsed time: 9837 ms 
2024-12-19 05:46:41,030 INFO  org.talend.commons.utils.time.TimeMeasurePerformance  - Warning (end): timer logOnProject does'nt exist
2024-12-19 05:46:59,896 INFO  org.talend.commons.utils.time.TimeMeasurePerformance  - Warning (end): timer logOnProject does'nt exist
2024-12-19 13:32:58,904 INFO  org.talend.commons.utils.time.TimeMeasurePerformance  -   Start 'logOnProject', logon project name 'PBI-FinalTask' ...
2024-12-19 13:33:00,001 INFO  org.talend.commons.utils.time.TimeMeasurePerformance  -   -> 'logOnProject', step name 'Install components', elapsed time since previous step: 1097 ms
2024-12-19 13:33:00,011 INFO  org.talend.commons.utils.time.TimeMeasurePerformance  -   -> 'logOnProject', step name 'beforeLogon', elapsed time since previous step: 10 ms
2024-12-19 13:33:02,140 INFO  org.talend.commons.utils.time.TimeMeasurePerformance  -   -> 'logOnProject', step name 'Sync components libraries', elapsed time since previous step: 2129 ms
2024-12-19 13:33:02,317 INFO  org.talend.commons.utils.time.TimeMeasurePerformance  -   -> 'logOnProject', step name 'executeMigrations(beforeLogonTasks)', elapsed time since previous step: 177 ms
2024-12-19 13:33:05,365 INFO  org.talend.commons.utils.time.TimeMeasurePerformance  -   -> 'logOnProject', step name 'logOnProject', elapsed time since previous step: 3048 ms
2024-12-19 13:33:05,782 INFO  org.talend.commons.utils.time.TimeMeasurePerformance  -   -> 'logOnProject', step name 'executeMigrations(afterLogonTasks)', elapsed time since previous step: 417 ms
2024-12-19 13:33:07,671 INFO  org.talend.commons.utils.time.TimeMeasurePerformance  -   -> 'logOnProject', step name 'clean Java project', elapsed time since previous step: 1889 ms
2024-12-19 13:33:07,706 INFO  org.talend.commons.utils.time.TimeMeasurePerformance  -   -> 'logOnProject', step name 'clean workspace history', elapsed time since previous step: 35 ms
2024-12-19 13:33:07,729 INFO  org.talend.commons.utils.time.TimeMeasurePerformance  -   -> 'logOnProject', step name 'sync log4j', elapsed time since previous step: 23 ms
2024-12-19 13:33:07,735 INFO  org.talend.commons.utils.time.TimeMeasurePerformance  -   End 'logOnProject', elapsed time since last request: 23 ms 
2024-12-19 13:33:07,735 INFO  org.talend.commons.utils.time.TimeMeasurePerformance  -   End 'logOnProject', total elapsed time: 8831 ms 
2024-12-19 13:33:28,224 INFO  org.talend.commons.utils.time.TimeMeasurePerformance  - Warning (end): timer logOnProject does'nt exist
2024-12-19 13:33:34,693 INFO  org.talend.commons.utils.time.TimeMeasurePerformance  - Warning (end): timer logOnProject does'nt exist
2024-12-20 00:23:58,447 INFO  org.talend.commons.utils.time.TimeMeasurePerformance  -   Start 'logOnProject', logon project name 'PBI-FinalTask' ...
2024-12-20 00:24:00,099 INFO  org.talend.commons.utils.time.TimeMeasurePerformance  -   -> 'logOnProject', step name 'Install components', elapsed time since previous step: 1652 ms
2024-12-20 00:24:00,107 INFO  org.talend.commons.utils.time.TimeMeasurePerformance  -   -> 'logOnProject', step name 'beforeLogon', elapsed time since previous step: 8 ms
2024-12-20 00:24:01,752 INFO  org.talend.commons.utils.time.TimeMeasurePerformance  -   -> 'logOnProject', step name 'Sync components libraries', elapsed time since previous step: 1645 ms
2024-12-20 00:24:01,887 INFO  org.talend.commons.utils.time.TimeMeasurePerformance  -   -> 'logOnProject', step name 'executeMigrations(beforeLogonTasks)', elapsed time since previous step: 135 ms
2024-12-20 00:24:04,949 INFO  org.talend.commons.utils.time.TimeMeasurePerformance  -   -> 'logOnProject', step name 'logOnProject', elapsed time since previous step: 3062 ms
2024-12-20 00:24:05,331 INFO  org.talend.commons.utils.time.TimeMeasurePerformance  -   -> 'logOnProject', step name 'executeMigrations(afterLogonTasks)', elapsed time since previous step: 382 ms
2024-12-20 00:24:06,990 INFO  org.talend.commons.utils.time.TimeMeasurePerformance  -   -> 'logOnProject', step name 'clean Java project', elapsed time since previous step: 1659 ms
2024-12-20 00:24:07,027 INFO  org.talend.commons.utils.time.TimeMeasurePerformance  -   -> 'logOnProject', step name 'clean workspace history', elapsed time since previous step: 37 ms
2024-12-20 00:24:07,043 INFO  org.talend.commons.utils.time.TimeMeasurePerformance  -   -> 'logOnProject', step name 'sync log4j', elapsed time since previous step: 16 ms
2024-12-20 00:24:07,049 INFO  org.talend.commons.utils.time.TimeMeasurePerformance  -   End 'logOnProject', elapsed time since last request: 16 ms 
2024-12-20 00:24:07,049 INFO  org.talend.commons.utils.time.TimeMeasurePerformance  -   End 'logOnProject', total elapsed time: 8602 ms 
2024-12-20 00:24:27,259 INFO  org.talend.commons.utils.time.TimeMeasurePerformance  - Warning (end): timer logOnProject does'nt exist
2024-12-20 00:24:34,036 INFO  org.talend.commons.utils.time.TimeMeasurePerformance  - Warning (end): timer logOnProject does'nt exist
2024-12-25 02:06:03,113 INFO  org.talend.commons.utils.time.TimeMeasurePerformance  -   Start 'logOnProject', logon project name 'PBI-FinalTask' ...
2024-12-25 02:06:04,256 INFO  org.talend.commons.utils.time.TimeMeasurePerformance  -   -> 'logOnProject', step name 'Install components', elapsed time since previous step: 1143 ms
2024-12-25 02:06:04,266 INFO  org.talend.commons.utils.time.TimeMeasurePerformance  -   -> 'logOnProject', step name 'beforeLogon', elapsed time since previous step: 10 ms
2024-12-25 02:06:06,390 INFO  org.talend.commons.utils.time.TimeMeasurePerformance  -   -> 'logOnProject', step name 'Sync components libraries', elapsed time since previous step: 2124 ms
2024-12-25 02:06:06,531 INFO  org.talend.commons.utils.time.TimeMeasurePerformance  -   -> 'logOnProject', step name 'executeMigrations(beforeLogonTasks)', elapsed time since previous step: 141 ms
2024-12-25 02:06:09,821 INFO  org.talend.commons.utils.time.TimeMeasurePerformance  -   -> 'logOnProject', step name 'logOnProject', elapsed time since previous step: 3290 ms
2024-12-25 02:06:10,187 INFO  org.talend.commons.utils.time.TimeMeasurePerformance  -   -> 'logOnProject', step name 'executeMigrations(afterLogonTasks)', elapsed time since previous step: 366 ms
2024-12-25 02:06:12,175 INFO  org.talend.commons.utils.time.TimeMeasurePerformance  -   -> 'logOnProject', step name 'clean Java project', elapsed time since previous step: 1988 ms
2024-12-25 02:06:12,252 INFO  org.talend.commons.utils.time.TimeMeasurePerformance  -   -> 'logOnProject', step name 'clean workspace history', elapsed time since previous step: 77 ms
2024-12-25 02:06:12,273 INFO  org.talend.commons.utils.time.TimeMeasurePerformance  -   -> 'logOnProject', step name 'sync log4j', elapsed time since previous step: 21 ms
2024-12-25 02:06:12,279 INFO  org.talend.commons.utils.time.TimeMeasurePerformance  -   End 'logOnProject', elapsed time since last request: 21 ms 
2024-12-25 02:06:12,279 INFO  org.talend.commons.utils.time.TimeMeasurePerformance  -   End 'logOnProject', total elapsed time: 9166 ms 
2024-12-25 02:06:34,489 INFO  org.talend.commons.utils.time.TimeMeasurePerformance  - Warning (end): timer logOnProject does'nt exist
2024-12-25 02:06:41,255 INFO  org.talend.commons.utils.time.TimeMeasurePerformance  - Warning (end): timer logOnProject does'nt exist
2024-12-25 13:48:14,555 INFO  org.talend.commons.utils.time.TimeMeasurePerformance  -   Start 'logOnProject', logon project name 'PBI-FinalTask' ...
2024-12-25 13:48:15,801 INFO  org.talend.commons.utils.time.TimeMeasurePerformance  -   -> 'logOnProject', step name 'Install components', elapsed time since previous step: 1246 ms
2024-12-25 13:48:15,817 INFO  org.talend.commons.utils.time.TimeMeasurePerformance  -   -> 'logOnProject', step name 'beforeLogon', elapsed time since previous step: 16 ms
2024-12-25 13:48:17,956 INFO  org.talend.commons.utils.time.TimeMeasurePerformance  -   -> 'logOnProject', step name 'Sync components libraries', elapsed time since previous step: 2139 ms
2024-12-25 13:48:18,095 INFO  org.talend.commons.utils.time.TimeMeasurePerformance  -   -> 'logOnProject', step name 'executeMigrations(beforeLogonTasks)', elapsed time since previous step: 139 ms
2024-12-25 13:48:20,893 INFO  org.talend.commons.utils.time.TimeMeasurePerformance  -   -> 'logOnProject', step name 'logOnProject', elapsed time since previous step: 2798 ms
2024-12-25 13:48:21,227 INFO  org.talend.commons.utils.time.TimeMeasurePerformance  -   -> 'logOnProject', step name 'executeMigrations(afterLogonTasks)', elapsed time since previous step: 334 ms
2024-12-25 13:48:23,148 INFO  org.talend.commons.utils.time.TimeMeasurePerformance  -   -> 'logOnProject', step name 'clean Java project', elapsed time since previous step: 1921 ms
2024-12-25 13:48:23,208 INFO  org.talend.commons.utils.time.TimeMeasurePerformance  -   -> 'logOnProject', step name 'clean workspace history', elapsed time since previous step: 60 ms
2024-12-25 13:48:23,232 INFO  org.talend.commons.utils.time.TimeMeasurePerformance  -   -> 'logOnProject', step name 'sync log4j', elapsed time since previous step: 24 ms
2024-12-25 13:48:23,237 INFO  org.talend.commons.utils.time.TimeMeasurePerformance  -   End 'logOnProject', elapsed time since last request: 24 ms 
2024-12-25 13:48:23,237 INFO  org.talend.commons.utils.time.TimeMeasurePerformance  -   End 'logOnProject', total elapsed time: 8682 ms 
2024-12-25 13:48:38,841 INFO  org.talend.commons.utils.time.TimeMeasurePerformance  - Warning (end): timer logOnProject does'nt exist
2024-12-25 13:48:44,663 INFO  org.talend.commons.utils.time.TimeMeasurePerformance  - Warning (end): timer logOnProject does'nt exist
2024-12-25 15:46:42,604 INFO  org.talend.commons.utils.time.TimeMeasurePerformance  -   Start 'logOnProject', logon project name 'PBI-FinalTask' ...
2024-12-25 15:46:43,615 INFO  org.talend.commons.utils.time.TimeMeasurePerformance  -   -> 'logOnProject', step name 'Install components', elapsed time since previous step: 1011 ms
2024-12-25 15:46:43,621 INFO  org.talend.commons.utils.time.TimeMeasurePerformance  -   -> 'logOnProject', step name 'beforeLogon', elapsed time since previous step: 6 ms
2024-12-25 15:46:45,271 INFO  org.talend.commons.utils.time.TimeMeasurePerformance  -   -> 'logOnProject', step name 'Sync components libraries', elapsed time since previous step: 1650 ms
2024-12-25 15:46:45,403 INFO  org.talend.commons.utils.time.TimeMeasurePerformance  -   -> 'logOnProject', step name 'executeMigrations(beforeLogonTasks)', elapsed time since previous step: 132 ms
2024-12-25 15:46:48,202 INFO  org.talend.commons.utils.time.TimeMeasurePerformance  -   -> 'logOnProject', step name 'logOnProject', elapsed time since previous step: 2799 ms
2024-12-25 15:46:48,467 INFO  org.talend.commons.utils.time.TimeMeasurePerformance  -   -> 'logOnProject', step name 'executeMigrations(afterLogonTasks)', elapsed time since previous step: 265 ms
2024-12-25 15:46:50,032 INFO  org.talend.commons.utils.time.TimeMeasurePerformance  -   -> 'logOnProject', step name 'clean Java project', elapsed time since previous step: 1565 ms
2024-12-25 15:46:50,048 INFO  org.talend.commons.utils.time.TimeMeasurePerformance  -   -> 'logOnProject', step name 'clean workspace history', elapsed time since previous step: 16 ms
2024-12-25 15:46:50,061 INFO  org.talend.commons.utils.time.TimeMeasurePerformance  -   -> 'logOnProject', step name 'sync log4j', elapsed time since previous step: 13 ms
2024-12-25 15:46:50,065 INFO  org.talend.commons.utils.time.TimeMeasurePerformance  -   End 'logOnProject', elapsed time since last request: 13 ms 
2024-12-25 15:46:50,065 INFO  org.talend.commons.utils.time.TimeMeasurePerformance  -   End 'logOnProject', total elapsed time: 7461 ms 
2024-12-25 15:47:08,218 INFO  org.talend.commons.utils.time.TimeMeasurePerformance  - Warning (end): timer logOnProject does'nt exist
2024-12-25 15:47:14,388 INFO  org.talend.commons.utils.time.TimeMeasurePerformance  - Warning (end): timer logOnProject does'nt exist
2024-12-26 01:21:36,950 INFO  org.talend.commons.utils.time.TimeMeasurePerformance  -   Start 'logOnProject', logon project name 'PBI-FinalTask' ...
2024-12-26 01:21:37,553 INFO  org.talend.commons.utils.time.TimeMeasurePerformance  -   -> 'logOnProject', step name 'Install components', elapsed time since previous step: 603 ms
2024-12-26 01:21:37,558 INFO  org.talend.commons.utils.time.TimeMeasurePerformance  -   -> 'logOnProject', step name 'beforeLogon', elapsed time since previous step: 5 ms
2024-12-26 01:21:38,718 INFO  org.talend.commons.utils.time.TimeMeasurePerformance  -   -> 'logOnProject', step name 'Sync components libraries', elapsed time since previous step: 1160 ms
2024-12-26 01:21:38,795 INFO  org.talend.commons.utils.time.TimeMeasurePerformance  -   -> 'logOnProject', step name 'executeMigrations(beforeLogonTasks)', elapsed time since previous step: 77 ms
2024-12-26 01:21:40,293 INFO  org.talend.commons.utils.time.TimeMeasurePerformance  -   -> 'logOnProject', step name 'logOnProject', elapsed time since previous step: 1498 ms
2024-12-26 01:21:40,436 INFO  org.talend.commons.utils.time.TimeMeasurePerformance  -   -> 'logOnProject', step name 'executeMigrations(afterLogonTasks)', elapsed time since previous step: 143 ms
2024-12-26 01:21:41,751 INFO  org.talend.commons.utils.time.TimeMeasurePerformance  -   -> 'logOnProject', step name 'clean Java project', elapsed time since previous step: 1315 ms
2024-12-26 01:21:41,764 INFO  org.talend.commons.utils.time.TimeMeasurePerformance  -   -> 'logOnProject', step name 'clean workspace history', elapsed time since previous step: 13 ms
2024-12-26 01:21:41,786 INFO  org.talend.commons.utils.time.TimeMeasurePerformance  -   -> 'logOnProject', step name 'sync log4j', elapsed time since previous step: 22 ms
2024-12-26 01:21:41,790 INFO  org.talend.commons.utils.time.TimeMeasurePerformance  -   End 'logOnProject', elapsed time since last request: 22 ms 
2024-12-26 01:21:41,791 INFO  org.talend.commons.utils.time.TimeMeasurePerformance  -   End 'logOnProject', total elapsed time: 4841 ms 
2024-12-26 01:21:50,721 INFO  org.talend.commons.utils.time.TimeMeasurePerformance  - Warning (end): timer logOnProject does'nt exist
2024-12-26 01:21:54,468 INFO  org.talend.commons.utils.time.TimeMeasurePerformance  - Warning (end): timer logOnProject does'nt exist
2024-12-26 23:55:48,754 INFO  org.talend.commons.utils.time.TimeMeasurePerformance  -   Start 'logOnProject', logon project name 'PBI-FinalTask' ...
2024-12-26 23:55:49,377 INFO  org.talend.commons.utils.time.TimeMeasurePerformance  -   -> 'logOnProject', step name 'Install components', elapsed time since previous step: 623 ms
2024-12-26 23:55:49,383 INFO  org.talend.commons.utils.time.TimeMeasurePerformance  -   -> 'logOnProject', step name 'beforeLogon', elapsed time since previous step: 6 ms
2024-12-26 23:55:50,712 INFO  org.talend.commons.utils.time.TimeMeasurePerformance  -   -> 'logOnProject', step name 'Sync components libraries', elapsed time since previous step: 1329 ms
2024-12-26 23:55:50,782 INFO  org.talend.commons.utils.time.TimeMeasurePerformance  -   -> 'logOnProject', step name 'executeMigrations(beforeLogonTasks)', elapsed time since previous step: 70 ms
2024-12-26 23:55:52,580 INFO  org.talend.commons.utils.time.TimeMeasurePerformance  -   -> 'logOnProject', step name 'logOnProject', elapsed time since previous step: 1798 ms
2024-12-26 23:55:52,790 INFO  org.talend.commons.utils.time.TimeMeasurePerformance  -   -> 'logOnProject', step name 'executeMigrations(afterLogonTasks)', elapsed time since previous step: 210 ms
2024-12-26 23:55:53,951 INFO  org.talend.commons.utils.time.TimeMeasurePerformance  -   -> 'logOnProject', step name 'clean Java project', elapsed time since previous step: 1161 ms
2024-12-26 23:55:53,982 INFO  org.talend.commons.utils.time.TimeMeasurePerformance  -   -> 'logOnProject', step name 'clean workspace history', elapsed time since previous step: 31 ms
2024-12-26 23:55:53,996 INFO  org.talend.commons.utils.time.TimeMeasurePerformance  -   -> 'logOnProject', step name 'sync log4j', elapsed time since previous step: 14 ms
2024-12-26 23:55:54,007 INFO  org.talend.commons.utils.time.TimeMeasurePerformance  -   End 'logOnProject', elapsed time since last request: 14 ms 
2024-12-26 23:55:54,007 INFO  org.talend.commons.utils.time.TimeMeasurePerformance  -   End 'logOnProject', total elapsed time: 5253 ms 
2024-12-26 23:56:08,136 INFO  org.talend.commons.utils.time.TimeMeasurePerformance  - Warning (end): timer logOnProject does'nt exist
2024-12-26 23:56:12,265 INFO  org.talend.commons.utils.time.TimeMeasurePerformance  - Warning (end): timer logOnProject does'nt exist
2024-12-27 15:05:01,150 INFO  org.talend.commons.utils.time.TimeMeasurePerformance  -   Start 'logOnProject', logon project name 'PBI-FinalTask' ...
2024-12-27 15:05:02,283 INFO  org.talend.commons.utils.time.TimeMeasurePerformance  -   -> 'logOnProject', step name 'Install components', elapsed time since previous step: 1133 ms
2024-12-27 15:05:02,298 INFO  org.talend.commons.utils.time.TimeMeasurePerformance  -   -> 'logOnProject', step name 'beforeLogon', elapsed time since previous step: 15 ms
2024-12-27 15:05:04,714 INFO  org.talend.commons.utils.time.TimeMeasurePerformance  -   -> 'logOnProject', step name 'Sync components libraries', elapsed time since previous step: 2416 ms
2024-12-27 15:05:04,864 INFO  org.talend.commons.utils.time.TimeMeasurePerformance  -   -> 'logOnProject', step name 'executeMigrations(beforeLogonTasks)', elapsed time since previous step: 150 ms
2024-12-27 15:05:07,981 INFO  org.talend.commons.utils.time.TimeMeasurePerformance  -   -> 'logOnProject', step name 'logOnProject', elapsed time since previous step: 3117 ms
2024-12-27 15:05:08,276 INFO  org.talend.commons.utils.time.TimeMeasurePerformance  -   -> 'logOnProject', step name 'executeMigrations(afterLogonTasks)', elapsed time since previous step: 295 ms
2024-12-27 15:05:10,475 INFO  org.talend.commons.utils.time.TimeMeasurePerformance  -   -> 'logOnProject', step name 'clean Java project', elapsed time since previous step: 2199 ms
2024-12-27 15:05:10,531 INFO  org.talend.commons.utils.time.TimeMeasurePerformance  -   -> 'logOnProject', step name 'clean workspace history', elapsed time since previous step: 56 ms
2024-12-27 15:05:10,545 INFO  org.talend.commons.utils.time.TimeMeasurePerformance  -   -> 'logOnProject', step name 'sync log4j', elapsed time since previous step: 14 ms
2024-12-27 15:05:10,550 INFO  org.talend.commons.utils.time.TimeMeasurePerformance  -   End 'logOnProject', elapsed time since last request: 14 ms 
2024-12-27 15:05:10,550 INFO  org.talend.commons.utils.time.TimeMeasurePerformance  -   End 'logOnProject', total elapsed time: 9400 ms 
2024-12-27 15:05:32,388 INFO  org.talend.commons.utils.time.TimeMeasurePerformance  - Warning (end): timer logOnProject does'nt exist
2024-12-27 15:05:38,537 INFO  org.talend.commons.utils.time.TimeMeasurePerformance  - Warning (end): timer logOnProject does'nt exist
2024-12-28 14:42:04,408 INFO  org.talend.commons.utils.time.TimeMeasurePerformance  -   Start 'logOnProject', logon project name 'PBI-FinalTask' ...
2024-12-28 14:42:05,590 INFO  org.talend.commons.utils.time.TimeMeasurePerformance  -   -> 'logOnProject', step name 'Install components', elapsed time since previous step: 1182 ms
2024-12-28 14:42:05,596 INFO  org.talend.commons.utils.time.TimeMeasurePerformance  -   -> 'logOnProject', step name 'beforeLogon', elapsed time since previous step: 6 ms
2024-12-28 14:42:07,607 INFO  org.talend.commons.utils.time.TimeMeasurePerformance  -   -> 'logOnProject', step name 'Sync components libraries', elapsed time since previous step: 2011 ms
2024-12-28 14:42:07,791 INFO  org.talend.commons.utils.time.TimeMeasurePerformance  -   -> 'logOnProject', step name 'executeMigrations(beforeLogonTasks)', elapsed time since previous step: 184 ms
2024-12-28 14:42:11,101 INFO  org.talend.commons.utils.time.TimeMeasurePerformance  -   -> 'logOnProject', step name 'logOnProject', elapsed time since previous step: 3310 ms
2024-12-28 14:42:11,471 INFO  org.talend.commons.utils.time.TimeMeasurePerformance  -   -> 'logOnProject', step name 'executeMigrations(afterLogonTasks)', elapsed time since previous step: 370 ms
2024-12-28 14:42:13,144 INFO  org.talend.commons.utils.time.TimeMeasurePerformance  -   -> 'logOnProject', step name 'clean Java project', elapsed time since previous step: 1673 ms
2024-12-28 14:42:13,208 INFO  org.talend.commons.utils.time.TimeMeasurePerformance  -   -> 'logOnProject', step name 'clean workspace history', elapsed time since previous step: 64 ms
2024-12-28 14:42:13,228 INFO  org.talend.commons.utils.time.TimeMeasurePerformance  -   -> 'logOnProject', step name 'sync log4j', elapsed time since previous step: 20 ms
2024-12-28 14:42:13,232 INFO  org.talend.commons.utils.time.TimeMeasurePerformance  -   End 'logOnProject', elapsed time since last request: 20 ms 
2024-12-28 14:42:13,232 INFO  org.talend.commons.utils.time.TimeMeasurePerformance  -   End 'logOnProject', total elapsed time: 8824 ms 
2024-12-28 14:42:35,887 INFO  org.talend.commons.utils.time.TimeMeasurePerformance  - Warning (end): timer logOnProject does'nt exist
2024-12-28 14:42:42,467 INFO  org.talend.commons.utils.time.TimeMeasurePerformance  - Warning (end): timer logOnProject does'nt exist
